2026-02-13 22:32:08,295 Main script starting...
2026-02-13 22:32:08,356 Initializing App
2026-02-13 22:43:25,938 Main script starting...
2026-02-13 22:43:35,089 Main script starting...
2026-02-13 22:43:35,162 Initializing App
2026-02-13 22:43:35,163 Starting Ctrl+AI Listener...
2026-02-13 22:47:14,216 Main script starting...
2026-02-13 22:47:14,301 GUI Import failed: No module named 'tkinter'
2026-02-13 22:47:14,302 Initializing App
2026-02-13 22:47:14,302 Starting Hotkey Listener...
2026-02-13 22:51:17,710 Main script starting...
2026-02-13 22:51:17,877 Initializing App
2026-02-13 22:51:18,267 Starting Hotkey Listener...
2026-02-13 22:52:40,699 Main script starting...
2026-02-13 22:52:40,838 Initializing App
2026-02-13 22:52:41,142 Starting Hotkey Listener...
2026-02-13 22:53:32,728 Main script starting...
2026-02-13 22:53:32,809 Initializing App
2026-02-13 22:53:33,036 Starting Hotkey Listener...
2026-02-13 22:55:39,338 Main script starting...
2026-02-13 22:55:39,475 Initializing App
2026-02-13 22:55:39,761 Starting Hotkey Listener...
2026-02-13 22:58:49,009 Main script starting...
2026-02-13 22:58:49,142 Initializing App
2026-02-13 22:58:49,431 Starting Hotkey Listener...
2026-02-13 23:03:28,074 Main script starting...
2026-02-13 23:03:28,158 Initializing App
2026-02-13 23:03:28,356 Starting Hotkey Listener...
2026-02-13 23:06:48,544 Main script starting...
2026-02-13 23:06:48,670 Initializing App
2026-02-13 23:06:48,954 Starting Hotkey Listener...
2026-02-13 23:09:50,119 Main script starting...
2026-02-13 23:09:50,193 Initializing App
2026-02-13 23:09:50,412 Starting Hotkey Listener...
2026-02-13 23:12:19,232 Main script starting...
2026-02-13 23:12:19,360  WARNING: Not running as root. Global hotkeys may fail. Try: sudo python3 src/main.py  Or add your user to the 'input' group: sudo usermod -aG input $USER  (then log out/in).
2026-02-13 23:12:19,360 Initializing App
2026-02-13 23:12:19,667 Starting Hotkey Listener...
2026-02-13 23:12:53,178 Main script starting...
2026-02-13 23:13:18,782 Main script starting...
2026-02-13 23:13:48,367 Main script starting...
2026-02-13 23:13:50,160 Initializing App
2026-02-13 23:15:14,411 Main script starting...
2026-02-13 23:15:14,482 Initializing App
2026-02-13 23:15:14,678 Starting Hotkey Listener...
2026-02-13 23:19:11,472 Main script starting...
2026-02-13 23:19:11,552 Initializing App
2026-02-13 23:19:11,744 Starting Hotkey Listener (Backend: keyboard library)...
2026-02-13 23:19:11,778 Keyboard lib error: 'NoneType' object has no attribute 'group'
2026-02-13 23:21:42,762 Main script starting...
2026-02-13 23:21:42,876 Initializing App
2026-02-13 23:21:43,147 Starting Hotkey Listener (Backend: keyboard library)...
2026-02-13 23:21:43,176 Registering hotkey: ctrl+space
2026-02-13 23:21:43,177 Registering hotkey: ctrl+shift+h
2026-02-13 23:21:43,177 Registering hotkey: ctrl+shift+d
2026-02-13 23:21:43,177 Waiting for hotkeys...
